This file contains any messages produced by compilers while
running configure, to aid debugging if configure makes a mistake.

It was created by configure, which was
generated by GNU Autoconf 2.52.  Invocation command line was

  $ ./configure 

## ---------- ##
## Platform.  ##
## ---------- ##

hostname = 79267f58978c
uname -m = x86_64
uname -r = 4.9.87-linuxkit-aufs
uname -s = Linux
uname -v = #1 SMP Wed Mar 14 15:12:16 UTC 2018

/usr/bin/uname -p = unknown
/bin/uname -X     = unknown

/bin/arch              = unknown
/usr/bin/arch -k       = unknown
/usr/convex/getsysinfo = unknown
hostinfo               = unknown
/bin/machine           = unknown
/usr/bin/oslevel       = unknown
/bin/universe          = unknown

PATH = /go/bin:/usr/local/go/bin:/usr/local/sbin:/usr/local/bin:/usr/sbin:/usr/bin:/sbin:/bin

## ------------ ##
## Core tests.  ##
## ------------ ##

configure:967: PATH=".;."; conftest.sh
./configure: 968: ./configure: conftest.sh: not found
configure:970: $? = 127
configure:1016: checking for a BSD compatible install
configure:1065: result: /usr/bin/install -c
configure:1076: checking whether build environment is sane
configure:1119: result: yes
configure:1152: checking for mawk
configure:1167: found /usr/bin/mawk
configure:1175: result: mawk
configure:1185: checking whether make sets ${MAKE}
configure:1205: result: yes
configure:1304: checking build system type
configure:1322: result: x86_64-unknown-linux-gnu
configure:1329: checking host system type
configure:1343: result: x86_64-unknown-linux-gnu
configure:1350: checking cached information
configure:1368: result: ok
configure:1380: checking for style of include used by make
configure:1407: result: GNU
configure:1454: checking for gcc
configure:1469: found /usr/bin/gcc
configure:1477: result: gcc
configure:1705: checking for C compiler version
configure:1708: gcc --version </dev/null >&5
gcc (Debian 6.3.0-18+deb9u1) 6.3.0 20170516
Copyright (C) 2016 Free Software Foundation, Inc.
This is free software; see the source for copying conditions.  There is NO
warranty; not even for MERCHANTABILITY or FITNESS FOR A PARTICULAR PURPOSE.

configure:1711: $? = 0
configure:1713: gcc -v </dev/null >&5
Using built-in specs.
COLLECT_GCC=gcc
COLLECT_LTO_WRAPPER=/usr/lib/gcc/x86_64-linux-gnu/6/lto-wrapper
Target: x86_64-linux-gnu
Configured with: ../src/configure -v --with-pkgversion='Debian 6.3.0-18+deb9u1' --with-bugurl=file:///usr/share/doc/gcc-6/README.Bugs --enable-languages=c,ada,c++,java,go,d,fortran,objc,obj-c++ --prefix=/usr --program-suffix=-6 --program-prefix=x86_64-linux-gnu- --enable-shared --enable-linker-build-id --libexecdir=/usr/lib --without-included-gettext --enable-threads=posix --libdir=/usr/lib --enable-nls --with-sysroot=/ --enable-clocale=gnu --enable-libstdcxx-debug --enable-libstdcxx-time=yes --with-default-libstdcxx-abi=new --enable-gnu-unique-object --disable-vtable-verify --enable-libmpx --enable-plugin --enable-default-pie --with-system-zlib --disable-browser-plugin --enable-java-awt=gtk --enable-gtk-cairo --with-java-home=/usr/lib/jvm/java-1.5.0-gcj-6-amd64/jre --enable-java-home --with-jvm-root-dir=/usr/lib/jvm/java-1.5.0-gcj-6-amd64 --with-jvm-jar-dir=/usr/lib/jvm-exports/java-1.5.0-gcj-6-amd64 --with-arch-directory=amd64 --with-ecj-jar=/usr/share/java/eclipse-ecj.jar --with-target-system-zlib --enable-objc-gc=auto --enable-multiarch --with-arch-32=i686 --with-abi=m64 --with-multilib-list=m32,m64,mx32 --enable-multilib --with-tune=generic --enable-checking=release --build=x86_64-linux-gnu --host=x86_64-linux-gnu --target=x86_64-linux-gnu
Thread model: posix
gcc version 6.3.0 20170516 (Debian 6.3.0-18+deb9u1) 
configure:1716: $? = 0
configure:1718: gcc -V </dev/null >&5
gcc: error: unrecognized command line option '-V'
gcc: fatal error: no input files
compilation terminated.
configure:1721: $? = 1
configure:1741: checking for C compiler default output
configure:1744: gcc    conftest.c  >&5
configure:1747: $? = 0
configure:1776: result: a.out
configure:1781: checking whether the C compiler works
configure:1787: ./a.out
configure:1790: $? = 0
configure:1805: result: yes
configure:1812: checking whether we are cross compiling
configure:1814: result: no
configure:1817: checking for executable suffix
configure:1819: gcc -o conftest    conftest.c  >&5
configure:1822: $? = 0
configure:1844: result: 
configure:1850: checking for object suffix
configure:1868: gcc -c   conftest.c >&5
configure:1871: $? = 0
configure:1890: result: o
configure:1894: checking whether we are using the GNU C compiler
configure:1915: gcc -c   conftest.c >&5
configure:1918: $? = 0
configure:1921: test -s conftest.o
configure:1924: $? = 0
configure:1936: result: yes
configure:1942: checking whether gcc accepts -g
configure:1960: gcc -c -g  conftest.c >&5
configure:1963: $? = 0
configure:1966: test -s conftest.o
configure:1969: $? = 0
configure:1979: result: yes
configure:2006: gcc -c -g -O2  conftest.c >&5
conftest.c:2:3: error: unknown type name 'choke'
   choke me
   ^~~~~
conftest.c:2:3: error: expected '=', ',', ';', 'asm' or '__attribute__' at end of input
configure:2009: $? = 1
configure: failed program was:
#ifndef __cplusplus
  choke me
#endif
configure:2109: checking dependency style of gcc
configure:2171: result: gcc3
configure:2180: checking how to run the C preprocessor
configure:2206: gcc -E  conftest.c
configure:2212: $? = 0
configure:2239: gcc -E  conftest.c
configure:2236:28: fatal error: ac_nonexistent.h: No such file or directory
 #include "confdefs.h"
                            ^
compilation terminated.
configure:2245: $? = 1
configure: failed program was:
#line 2235 "configure"
#include "confdefs.h"
#include <ac_nonexistent.h>
configure:2282: result: gcc -E
configure:2297: gcc -E  conftest.c
configure:2303: $? = 0
configure:2330: gcc -E  conftest.c
configure:2327:28: fatal error: ac_nonexistent.h: No such file or directory
 #include "confdefs.h"
                            ^
compilation terminated.
configure:2336: $? = 1
configure: failed program was:
#line 2326 "configure"
#include "confdefs.h"
#include <ac_nonexistent.h>
configure:2375: checking for ANSI C header files
configure:2389: gcc -E  conftest.c
configure:2395: $? = 0
configure:2482: gcc -o conftest -g -O2   conftest.c  >&5
configure: In function 'main':
configure:2474:7: warning: implicit declaration of function 'exit' [-Wimplicit-function-declaration]
   for (i = 0; i < 256; i++)
       ^~~~
configure:2474:7: warning: incompatible implicit declaration of built-in function 'exit'
configure:2474:7: note: include '<stdlib.h>' or provide a declaration of 'exit'
configure:2475:3: warning: incompatible implicit declaration of built-in function 'exit'
     if (XOR (islower (i), ISLOWER (i))
   ^ ~~
configure:2475:3: note: include '<stdlib.h>' or provide a declaration of 'exit'
configure:2485: $? = 0
configure:2487: ./conftest
configure:2490: $? = 0
configure:2503: result: yes
configure:2516: checking for unistd.h
configure:2526: gcc -E  conftest.c
configure:2532: $? = 0
configure:2551: result: yes
configure:2516: checking for stdint.h
configure:2526: gcc -E  conftest.c
configure:2532: $? = 0
configure:2551: result: yes
configure:2561: checking for postgresql/libpq-fe.h
configure:2571: gcc -E  conftest.c
configure:2568:33: fatal error: postgresql/libpq-fe.h: No such file or directory
 #include "confdefs.h"
                                 ^
compilation terminated.
configure:2577: $? = 1
configure: failed program was:
#line 2567 "configure"
#include "confdefs.h"
#include <postgresql/libpq-fe.h>
configure:2596: result: no
configure:2608: checking for splint
configure:2640: result: no
configure:2646: checking for dot
configure:2678: result: no
configure:2684: checking for cvs2cl
configure:2716: result: no
configure:2758: checking for ranlib
configure:2773: found /usr/bin/ranlib
configure:2782: result: ranlib
configure:2806: checking for a BSD compatible install
configure:2855: result: /usr/bin/install -c
configure:2866: checking whether make sets ${MAKE}
configure:2886: result: yes
configure:2895: checking for pthread_cond_init in -lpthread
configure:2922: gcc -o conftest -g -O2   conftest.c -lpthread   >&5
configure:2925: $? = 0
configure:2928: test -s conftest
configure:2931: $? = 0
configure:2942: result: yes
configure:2953: checking for getopt_long
configure:2990: gcc -o conftest -g -O2   conftest.c -lpthread  >&5
configure:2993: $? = 0
configure:2996: test -s conftest
configure:2999: $? = 0
configure:3009: result: yes
configure:3018: checking for postgresql/libpq-fe.h
configure:3053: result: no
configure:3056: checking for main in -lpq
configure:3076: gcc -o conftest -g -O2   conftest.c -lpq  -lpthread  >&5
/usr/bin/ld: cannot find -lpq
collect2: error: ld returned 1 exit status
configure:3079: $? = 1
configure: failed program was:
#line 3064 "configure"
#include "confdefs.h"

int
main ()
{
main ();
  ;
  return 0;
}
configure:3096: result: no
configure:3110: checking for snprintf
configure:3147: gcc -o conftest -g -O2   conftest.c -lpthread  >&5
configure:3126:6: warning: conflicting types for built-in function 'snprintf'
    builtin and then its argument prototype would still apply.  */
      ^~~~~~~~
configure:3150: $? = 0
configure:3153: test -s conftest
configure:3156: $? = 0
configure:3166: result: yes
configure:3179: checking for check.h
configure:3189: gcc -E  conftest.c
configure:3186:19: fatal error: check.h: No such file or directory
 #include "confdefs.h"
                   ^
compilation terminated.
configure:3195: $? = 1
configure: failed program was:
#line 3185 "configure"
#include "confdefs.h"
#include <check.h>
configure:3214: result: no
configure:3224: checking for suite_create in -lcheck
configure:3251: gcc -o conftest -g -O2   conftest.c -lcheck  -lpthread  >&5
/usr/bin/ld: cannot find -lcheck
collect2: error: ld returned 1 exit status
configure:3254: $? = 1
configure: failed program was:
#line 3232 "configure"
#include "confdefs.h"

/* Override any gcc2 internal prototype to avoid an error.  */
#ifdef __cplusplus
extern "C"
#endif
/* We use char because int might match the return type of a gcc2
   builtin and then its argument prototype would still apply.  */
char suite_create ();
int
main ()
{
suite_create ();
  ;
  return 0;
}
configure:3271: result: no
configure:3431: checking for sys/param.h
configure:3441: gcc -E  conftest.c
configure:3447: $? = 0
configure:3466: result: yes
configure:3431: checking for sys/time.h
configure:3441: gcc -E  conftest.c
configure:3447: $? = 0
configure:3466: result: yes
configure:3431: checking for time.h
configure:3441: gcc -E  conftest.c
configure:3447: $? = 0
configure:3466: result: yes
configure:3431: checking for sys/mkdev.h
configure:3441: gcc -E  conftest.c
configure:3438:23: fatal error: sys/mkdev.h: No such file or directory
 #include "confdefs.h"
                       ^
compilation terminated.
configure:3447: $? = 1
configure: failed program was:
#line 3437 "configure"
#include "confdefs.h"
#include <sys/mkdev.h>
configure:3466: result: no
configure:3431: checking for sys/sysmacros.h
configure:3441: gcc -E  conftest.c
configure:3447: $? = 0
configure:3466: result: yes
configure:3431: checking for string.h
configure:3441: gcc -E  conftest.c
configure:3447: $? = 0
configure:3466: result: yes
configure:3431: checking for memory.h
configure:3441: gcc -E  conftest.c
configure:3447: $? = 0
configure:3466: result: yes
configure:3431: checking for fcntl.h
configure:3441: gcc -E  conftest.c
configure:3447: $? = 0
configure:3466: result: yes
configure:3431: checking for dirent.h
configure:3441: gcc -E  conftest.c
configure:3447: $? = 0
configure:3466: result: yes
configure:3431: checking for sys/ndir.h
configure:3441: gcc -E  conftest.c
configure:3438:22: fatal error: sys/ndir.h: No such file or directory
 #include "confdefs.h"
                      ^
compilation terminated.
configure:3447: $? = 1
configure: failed program was:
#line 3437 "configure"
#include "confdefs.h"
#include <sys/ndir.h>
configure:3466: result: no
configure:3431: checking for ndir.h
configure:3441: gcc -E  conftest.c
configure:3438:18: fatal error: ndir.h: No such file or directory
 #include "confdefs.h"
                  ^
compilation terminated.
configure:3447: $? = 1
configure: failed program was:
#line 3437 "configure"
#include "confdefs.h"
#include <ndir.h>
configure:3466: result: no
configure:3431: checking for alloca.h
configure:3441: gcc -E  conftest.c
configure:3447: $? = 0
configure:3466: result: yes
configure:3431: checking for locale.h
configure:3441: gcc -E  conftest.c
configure:3447: $? = 0
configure:3466: result: yes
configure:3479: checking for utime.h
configure:3489: gcc -E  conftest.c
configure:3495: $? = 0
configure:3514: result: yes
configure:3479: checking for error.h
configure:3489: gcc -E  conftest.c
configure:3495: $? = 0
configure:3514: result: yes
configure:3524: checking for utime
configure:3540: gcc -c -g -O2  conftest.c >&5
configure:3543: $? = 0
configure:3546: test -s conftest.o
configure:3549: $? = 0
configure:3551: result: yes
configure:3635: checking whether sys/types.h defines makedev
configure:3654: gcc -o conftest -g -O2   conftest.c -lpthread  >&5
configure:3657: $? = 0
configure:3660: test -s conftest
configure:3663: $? = 0
configure:3674: result: yes
configure:3774: checking for working alloca.h
configure:3792: gcc -o conftest -g -O2   conftest.c -lpthread  >&5
configure:3795: $? = 0
configure:3798: test -s conftest
configure:3801: $? = 0
configure:3811: result: yes
configure:3821: checking for alloca
configure:3859: gcc -o conftest -g -O2   conftest.c -lpthread  >&5
configure:3862: $? = 0
configure:3865: test -s conftest
configure:3868: $? = 0
configure:3878: result: yes
configure:4059: checking whether struct tm is in sys/time.h or time.h
configure:4079: gcc -c -g -O2  conftest.c >&5
configure:4082: $? = 0
configure:4085: test -s conftest.o
configure:4088: $? = 0
configure:4098: result: time.h
configure:4114: checking for sys/types.h
configure:4126: gcc -c -g -O2  conftest.c >&5
configure:4129: $? = 0
configure:4132: test -s conftest.o
configure:4135: $? = 0
configure:4145: result: yes
configure:4114: checking for sys/stat.h
configure:4126: gcc -c -g -O2  conftest.c >&5
configure:4129: $? = 0
configure:4132: test -s conftest.o
configure:4135: $? = 0
configure:4145: result: yes
configure:4114: checking for stdlib.h
configure:4126: gcc -c -g -O2  conftest.c >&5
configure:4129: $? = 0
configure:4132: test -s conftest.o
configure:4135: $? = 0
configure:4145: result: yes
configure:4114: checking for string.h
configure:4145: result: yes
configure:4114: checking for memory.h
configure:4145: result: yes
configure:4114: checking for strings.h
configure:4126: gcc -c -g -O2  conftest.c >&5
configure:4129: $? = 0
configure:4132: test -s conftest.o
configure:4135: $? = 0
configure:4145: result: yes
configure:4114: checking for inttypes.h
configure:4126: gcc -c -g -O2  conftest.c >&5
configure:4129: $? = 0
configure:4132: test -s conftest.o
configure:4135: $? = 0
configure:4145: result: yes
configure:4114: checking for stdint.h
configure:4145: result: yes
configure:4114: checking for unistd.h
configure:4145: result: yes
configure:4155: checking for struct stat.st_blocks
configure:4175: gcc -c -g -O2  conftest.c >&5
configure:4178: $? = 0
configure:4181: test -s conftest.o
configure:4184: $? = 0
configure:4194: result: yes
configure:4213: checking for dirent.h that defines DIR
configure:4234: gcc -c -g -O2  conftest.c >&5
configure:4237: $? = 0
configure:4240: test -s conftest.o
configure:4243: $? = 0
configure:4253: result: yes
configure:4266: checking for opendir in -ldir
configure:4293: gcc -o conftest -g -O2   conftest.c -ldir  -lpthread  >&5
/usr/bin/ld: cannot find -ldir
collect2: error: ld returned 1 exit status
configure:4296: $? = 1
configure: failed program was:
#line 4274 "configure"
#include "confdefs.h"

/* Override any gcc2 internal prototype to avoid an error.  */
#ifdef __cplusplus
extern "C"
#endif
/* We use char because int might match the return type of a gcc2
   builtin and then its argument prototype would still apply.  */
char opendir ();
int
main ()
{
opendir ();
  ;
  return 0;
}
configure:4313: result: no
configure:4375: checking whether closedir returns void
configure:4401: gcc -o conftest -g -O2   conftest.c -lpthread  >&5
configure:4404: $? = 0
configure:4406: ./conftest
configure:4409: $? = 0
configure:4421: result: no
configure:4434: checking for mkfifo
configure:4471: gcc -o conftest -g -O2   conftest.c -lpthread  >&5
configure:4474: $? = 0
configure:4477: test -s conftest
configure:4480: $? = 0
configure:4490: result: yes
configure:4500: checking for mknod
configure:4537: gcc -o conftest -g -O2   conftest.c -lpthread  >&5
configure:4540: $? = 0
configure:4543: test -s conftest
configure:4546: $? = 0
configure:4556: result: yes
configure:4559: checking for vprintf
configure:4596: gcc -o conftest -g -O2   conftest.c -lpthread  >&5
configure:4575:6: warning: conflicting types for built-in function 'vprintf'
    builtin and then its argument prototype would still apply.  */
      ^~~~~~~
configure:4599: $? = 0
configure:4602: test -s conftest
configure:4605: $? = 0
configure:4615: result: yes
configure:4618: checking for doprnt
configure:4655: gcc -o conftest -g -O2   conftest.c -lpthread  >&5
/tmp/ccV1DzGY.o: In function `main':
/ally/configure:4646: undefined reference to `doprnt'
collect2: error: ld returned 1 exit status
configure:4658: $? = 1
configure: failed program was:
#line 4624 "configure"
#include "confdefs.h"
/* System header to define __stub macros and hopefully few prototypes,
    which can conflict with char doprnt (); below.  */
#include <assert.h>
/* Override any gcc2 internal prototype to avoid an error.  */
#ifdef __cplusplus
extern "C"
#endif
/* We use char because int might match the return type of a gcc2
   builtin and then its argument prototype would still apply.  */
char doprnt ();
char (*f) ();

int
main ()
{
/* The GNU C library defines this for functions which it implements
    to always fail with ENOSYS.  Some functions are actually named
    something starting with __ and the normal name is an alias.  */
#if defined (__stub_doprnt) || defined (__stub___doprnt)
choke me
#else
f = doprnt;
#endif

  ;
  return 0;
}
configure:4674: result: no
configure:4757: creating ./config.status

## ----------------------- ##
## Running config.status.  ##
## ----------------------- ##

This file was extended by config.status 2.52, executed with
  CONFIG_FILES    = 
  CONFIG_HEADERS  = 
  CONFIG_LINKS    = 
  CONFIG_COMMANDS = 
  > ./config.status 
on 79267f58978c

config.status:5246: creating Makefile
config.status:5246: creating adt/Makefile
config.status:5338: creating config.h
config.status:5479: config.h is unchanged

## ----------------- ##
## Cache variables.  ##
## ----------------- ##

ac_cv_build='x86_64-unknown-linux-gnu'
ac_cv_build_alias='x86_64-unknown-linux-gnu'
ac_cv_c_compiler_gnu='yes'
ac_cv_env_CC_set=''
ac_cv_env_CC_value=''
ac_cv_env_CFLAGS_set=''
ac_cv_env_CFLAGS_value=''
ac_cv_env_CPPFLAGS_set=''
ac_cv_env_CPPFLAGS_value=''
ac_cv_env_CPP_set=''
ac_cv_env_CPP_value=''
ac_cv_env_LDFLAGS_set=''
ac_cv_env_LDFLAGS_value=''
ac_cv_env_build_alias_set=''
ac_cv_env_build_alias_value=''
ac_cv_env_host_alias_set=''
ac_cv_env_host_alias_value=''
ac_cv_env_target_alias_set=''
ac_cv_env_target_alias_value=''
ac_cv_func_alloca_works='yes'
ac_cv_func_closedir_void='no'
ac_cv_func_doprnt='no'
ac_cv_func_getopt_long='yes'
ac_cv_func_mkfifo='yes'
ac_cv_func_mknod='yes'
ac_cv_func_snprintf='yes'
ac_cv_func_vprintf='yes'
ac_cv_header_alloca_h='yes'
ac_cv_header_check_h='no'
ac_cv_header_dirent_dirent_h='yes'
ac_cv_header_dirent_h='yes'
ac_cv_header_error_h='yes'
ac_cv_header_fcntl_h='yes'
ac_cv_header_inttypes_h='yes'
ac_cv_header_locale_h='yes'
ac_cv_header_memory_h='yes'
ac_cv_header_ndir_h='no'
ac_cv_header_postgresql_libpq_fe_h='no'
ac_cv_header_stdc='yes'
ac_cv_header_stdint_h='yes'
ac_cv_header_stdlib_h='yes'
ac_cv_header_string_h='yes'
ac_cv_header_strings_h='yes'
ac_cv_header_sys_mkdev_h='no'
ac_cv_header_sys_ndir_h='no'
ac_cv_header_sys_param_h='yes'
ac_cv_header_sys_stat_h='yes'
ac_cv_header_sys_sysmacros_h='yes'
ac_cv_header_sys_time_h='yes'
ac_cv_header_sys_types_h='yes'
ac_cv_header_sys_types_h_makedev='yes'
ac_cv_header_time_h='yes'
ac_cv_header_unistd_h='yes'
ac_cv_header_utime_h='yes'
ac_cv_host='x86_64-unknown-linux-gnu'
ac_cv_host_alias='x86_64-unknown-linux-gnu'
ac_cv_hostcheck='x86_64-unknown-linux-gnu'
ac_cv_lib_check_suite_create='no'
ac_cv_lib_dir_opendir='no'
ac_cv_lib_pq_main='no'
ac_cv_lib_pthread_pthread_cond_init='yes'
ac_cv_member_struct_stat_st_blocks='yes'
ac_cv_objext='o'
ac_cv_path_install='/usr/bin/install -c'
ac_cv_prog_AWK='mawk'
ac_cv_prog_CPP='gcc -E'
ac_cv_prog_ac_ct_CC='gcc'
ac_cv_prog_ac_ct_RANLIB='ranlib'
ac_cv_prog_cc_g='yes'
ac_cv_prog_make_make_set='yes'
ac_cv_struct_tm='time.h'
ac_cv_working_alloca_h='yes'
am_cv_CC_dependencies_compiler_type='gcc3'

## ------------ ##
## confdefs.h.  ##
## ------------ ##

#define PACKAGE "ally"
#define VERSION "0.1.0"
#define STDC_HEADERS 1
#define HAVE_UNISTD_H 1
#define HAVE_STDINT_H 1
#define HAVE_LIBPTHREAD 1
#define HAVE_SNPRINTF 1
#define _REENTRANT 1
#define HAVE_SYS_PARAM_H 1
#define HAVE_SYS_TIME_H 1
#define HAVE_TIME_H 1
#define HAVE_SYS_SYSMACROS_H 1
#define HAVE_STRING_H 1
#define HAVE_MEMORY_H 1
#define HAVE_FCNTL_H 1
#define HAVE_DIRENT_H 1
#define HAVE_ALLOCA_H 1
#define HAVE_LOCALE_H 1
#define HAVE_UTIME_H 1
#define HAVE_ERROR_H 1
#define HAVE_STRUCT_UTIMBUF 1
#define HAVE_ALLOCA_H 1
#define HAVE_ALLOCA 1
#define HAVE_SYS_TYPES_H 1
#define HAVE_SYS_STAT_H 1
#define HAVE_STDLIB_H 1
#define HAVE_STRING_H 1
#define HAVE_MEMORY_H 1
#define HAVE_STRINGS_H 1
#define HAVE_INTTYPES_H 1
#define HAVE_STDINT_H 1
#define HAVE_UNISTD_H 1
#define HAVE_STRUCT_STAT_ST_BLOCKS 1
#define HAVE_ST_BLOCKS 1
#define HAVE_DIRENT_H 1
#define HAVE_MKFIFO 1


configure: exit 0

## ----------------------- ##
## Running config.status.  ##
## ----------------------- ##

This file was extended by config.status 2.52, executed with
  CONFIG_FILES    = 
  CONFIG_HEADERS  = config.h
  CONFIG_LINKS    = 
  CONFIG_COMMANDS = 
  > ./config.status 
on 79267f58978c

config.status:5338: creating config.h
config.status:5479: config.h is unchanged
